<?xml version="1.0" encoding="UTF-8"?>
<!-- Generated by org.testng.reporters.JUnitXMLReporter -->
<testsuite hostname="Arunas-MacBook-Pro.local" failures="0" tests="11" name="Test" time="41.338" errors="0" timestamp="22 Mar 2019 01:48:59 GMT">
  <testcase classname="testCases.HomePageTestCases" name="verifyTheBrowserTitle" time="0.012"/>
  <testcase classname="testCases.HomePageTestCases" name="verifyHeaderLinks" time="0.322"/>
  <testcase classname="testCases.HomePageTestCases" name="verifyTheHeading_AvailableButtonsAlong" time="0.11"/>
  <testcase classname="testCases.HomePageTestCases" name="verifyTheTeaserPodsAndContents" time="0.217"/>
  <testcase classname="testCases.AboutPageTestCases" name="verifyPageHeaderAndSubHeader" time="0.082"/>
  <testcase classname="testCases.AboutPageTestCases" name="verifyTheBlockGridContainer" time="0.327"/>
  <testcase classname="testCases.AboutPageTestCases" name="verifyLeaderBoard" time="0.192"/>
  <testcase classname="testCases.AboutPageTestCases" name="verifyFooterLinks" time="0.117"/>
  <testcase classname="testCases.ContactUsPageTestCases" name="verifyPresenceOfHeader" time="0.039"/>
  <testcase classname="testCases.ContactUsPageTestCases" name="verifyPresenceOfMap" time="0.041"/>
  <testcase classname="testCases.ContactUsPageTestCases" name="displayOfficeLocation" time="0.145"/>
</testsuite> <!-- Test -->
