<?xml version="1.0" encoding="UTF-8"?>
<testng-results total="11" passed="11" failed="0" skipped="0">
  <reporter-output>
  </reporter-output>
  <suite started-at="2019-03-22T01:48:18Z" name="Suite" finished-at="2019-03-22T01:48:59Z" duration-ms="41338">
    <groups>
    </groups>
    <test started-at="2019-03-22T01:48:18Z" name="Test" finished-at="2019-03-22T01:48:59Z" duration-ms="41338">
      <class name="testCases.ContactUsPageTestCases">
        <test-method is-config="true" signature="setUp(java.lang.reflect.Method)[pri:0, instance:testCases.ContactUsPageTestCases@223d2c72]" started-at="2019-03-21T20:48:46Z" name="setUp" finished-at="2019-03-21T20:48:50Z" duration-ms="3555" status="PASS">
          <params>
            <param index="0">
              <value>
                <![CDATA[public void testCases.ContactUsPageTestCases.verifyPresenceOfHeader()]]>
              </value>
            </param>
          </params>
          <reporter-output>
          </reporter-output>
        </test-method> <!-- setUp -->
        <test-method signature="verifyPresenceOfHeader()[pri:1, instance:testCases.ContactUsPageTestCases@223d2c72]" started-at="2019-03-21T20:48:50Z" name="verifyPresenceOfHeader" finished-at="2019-03-21T20:48:50Z" duration-ms="39" status="PASS">
          <reporter-output>
          </reporter-output>
        </test-method> <!-- verifyPresenceOfHeader -->
        <test-method is-config="true" signature="tearDown()[pri:0, instance:testCases.ContactUsPageTestCases@223d2c72]" started-at="2019-03-21T20:48:50Z" name="tearDown" finished-at="2019-03-21T20:48:50Z" duration-ms="75" status="PASS">
          <reporter-output>
          </reporter-output>
        </test-method> <!-- tearDown -->
        <test-method is-config="true" signature="setUp(java.lang.reflect.Method)[pri:0, instance:testCases.ContactUsPageTestCases@223d2c72]" started-at="2019-03-21T20:48:50Z" name="setUp" finished-at="2019-03-21T20:48:54Z" duration-ms="4211" status="PASS">
          <params>
            <param index="0">
              <value>
                <![CDATA[public void testCases.ContactUsPageTestCases.verifyPresenceOfMap()]]>
              </value>
            </param>
          </params>
          <reporter-output>
          </reporter-output>
        </test-method> <!-- setUp -->
        <test-method signature="verifyPresenceOfMap()[pri:2, instance:testCases.ContactUsPageTestCases@223d2c72]" started-at="2019-03-21T20:48:54Z" name="verifyPresenceOfMap" finished-at="2019-03-21T20:48:54Z" duration-ms="41" status="PASS">
          <reporter-output>
          </reporter-output>
        </test-method> <!-- verifyPresenceOfMap -->
        <test-method is-config="true" signature="tearDown()[pri:0, instance:testCases.ContactUsPageTestCases@223d2c72]" started-at="2019-03-21T20:48:54Z" name="tearDown" finished-at="2019-03-21T20:48:54Z" duration-ms="80" status="PASS">
          <reporter-output>
          </reporter-output>
        </test-method> <!-- tearDown -->
        <test-method is-config="true" signature="setUp(java.lang.reflect.Method)[pri:0, instance:testCases.ContactUsPageTestCases@223d2c72]" started-at="2019-03-21T20:48:54Z" name="setUp" finished-at="2019-03-21T20:48:59Z" duration-ms="4268" status="PASS">
          <params>
            <param index="0">
              <value>
                <![CDATA[public void testCases.ContactUsPageTestCases.displayOfficeLocation()]]>
              </value>
            </param>
          </params>
          <reporter-output>
          </reporter-output>
        </test-method> <!-- setUp -->
        <test-method signature="displayOfficeLocation()[pri:3, instance:testCases.ContactUsPageTestCases@223d2c72]" started-at="2019-03-21T20:48:59Z" name="displayOfficeLocation" finished-at="2019-03-21T20:48:59Z" duration-ms="145" status="PASS">
          <reporter-output>
          </reporter-output>
        </test-method> <!-- displayOfficeLocation -->
        <test-method is-config="true" signature="tearDown()[pri:0, instance:testCases.ContactUsPageTestCases@223d2c72]" started-at="2019-03-21T20:48:59Z" name="tearDown" finished-at="2019-03-21T20:48:59Z" duration-ms="109" status="PASS">
          <reporter-output>
          </reporter-output>
        </test-method> <!-- tearDown -->
      </class> <!-- testCases.ContactUsPageTestCases -->
      <class name="testCases.AboutPageTestCases">
        <test-method is-config="true" signature="setUp(java.lang.reflect.Method)[pri:0, instance:testCases.AboutPageTestCases@36902638]" started-at="2019-03-21T20:48:29Z" name="setUp" finished-at="2019-03-21T20:48:33Z" duration-ms="3637" status="PASS">
          <params>
            <param index="0">
              <value>
                <![CDATA[public void testCases.AboutPageTestCases.verifyPageHeaderAndSubHeader()]]>
              </value>
            </param>
          </params>
          <reporter-output>
          </reporter-output>
        </test-method> <!-- setUp -->
        <test-method signature="verifyPageHeaderAndSubHeader()[pri:1, instance:testCases.AboutPageTestCases@36902638]" started-at="2019-03-21T20:48:33Z" name="verifyPageHeaderAndSubHeader" finished-at="2019-03-21T20:48:33Z" duration-ms="82" status="PASS">
          <reporter-output>
          </reporter-output>
        </test-method> <!-- verifyPageHeaderAndSubHeader -->
        <test-method is-config="true" signature="tearDown()[pri:0, instance:testCases.AboutPageTestCases@36902638]" started-at="2019-03-21T20:48:33Z" name="tearDown" finished-at="2019-03-21T20:48:33Z" duration-ms="89" status="PASS">
          <reporter-output>
          </reporter-output>
        </test-method> <!-- tearDown -->
        <test-method is-config="true" signature="setUp(java.lang.reflect.Method)[pri:0, instance:testCases.AboutPageTestCases@36902638]" started-at="2019-03-21T20:48:33Z" name="setUp" finished-at="2019-03-21T20:48:37Z" duration-ms="4484" status="PASS">
          <params>
            <param index="0">
              <value>
                <![CDATA[public void testCases.AboutPageTestCases.verifyTheBlockGridContainer()]]>
              </value>
            </param>
          </params>
          <reporter-output>
          </reporter-output>
        </test-method> <!-- setUp -->
        <test-method signature="verifyTheBlockGridContainer()[pri:2, instance:testCases.AboutPageTestCases@36902638]" started-at="2019-03-21T20:48:37Z" name="verifyTheBlockGridContainer" finished-at="2019-03-21T20:48:38Z" duration-ms="327" status="PASS">
          <reporter-output>
          </reporter-output>
        </test-method> <!-- verifyTheBlockGridContainer -->
        <test-method is-config="true" signature="tearDown()[pri:0, instance:testCases.AboutPageTestCases@36902638]" started-at="2019-03-21T20:48:38Z" name="tearDown" finished-at="2019-03-21T20:48:38Z" duration-ms="92" status="PASS">
          <reporter-output>
          </reporter-output>
        </test-method> <!-- tearDown -->
        <test-method is-config="true" signature="setUp(java.lang.reflect.Method)[pri:0, instance:testCases.AboutPageTestCases@36902638]" started-at="2019-03-21T20:48:38Z" name="setUp" finished-at="2019-03-21T20:48:42Z" duration-ms="4059" status="PASS">
          <params>
            <param index="0">
              <value>
                <![CDATA[public void testCases.AboutPageTestCases.verifyLeaderBoard()]]>
              </value>
            </param>
          </params>
          <reporter-output>
          </reporter-output>
        </test-method> <!-- setUp -->
        <test-method signature="verifyLeaderBoard()[pri:3, instance:testCases.AboutPageTestCases@36902638]" started-at="2019-03-21T20:48:42Z" name="verifyLeaderBoard" finished-at="2019-03-21T20:48:42Z" duration-ms="192" status="PASS">
          <reporter-output>
          </reporter-output>
        </test-method> <!-- verifyLeaderBoard -->
        <test-method is-config="true" signature="tearDown()[pri:0, instance:testCases.AboutPageTestCases@36902638]" started-at="2019-03-21T20:48:42Z" name="tearDown" finished-at="2019-03-21T20:48:42Z" duration-ms="87" status="PASS">
          <reporter-output>
          </reporter-output>
        </test-method> <!-- tearDown -->
        <test-method is-config="true" signature="setUp(java.lang.reflect.Method)[pri:0, instance:testCases.AboutPageTestCases@36902638]" started-at="2019-03-21T20:48:42Z" name="setUp" finished-at="2019-03-21T20:48:46Z" duration-ms="4302" status="PASS">
          <params>
            <param index="0">
              <value>
                <![CDATA[public void testCases.AboutPageTestCases.verifyFooterLinks()]]>
              </value>
            </param>
          </params>
          <reporter-output>
          </reporter-output>
        </test-method> <!-- setUp -->
        <test-method signature="verifyFooterLinks()[pri:4, instance:testCases.AboutPageTestCases@36902638]" started-at="2019-03-21T20:48:46Z" name="verifyFooterLinks" finished-at="2019-03-21T20:48:46Z" duration-ms="117" status="PASS">
          <reporter-output>
          </reporter-output>
        </test-method> <!-- verifyFooterLinks -->
        <test-method is-config="true" signature="tearDown()[pri:0, instance:testCases.AboutPageTestCases@36902638]" started-at="2019-03-21T20:48:46Z" name="tearDown" finished-at="2019-03-21T20:48:46Z" duration-ms="89" status="PASS">
          <reporter-output>
          </reporter-output>
        </test-method> <!-- tearDown -->
      </class> <!-- testCases.AboutPageTestCases -->
      <class name="testCases.HomePageTestCases">
        <test-method is-config="true" signature="reportSetUp()[pri:0, instance:testCases.HomePageTestCases@1d2adfbe]" started-at="2019-03-21T20:48:17Z" name="reportSetUp" finished-at="2019-03-21T20:48:18Z" duration-ms="180" status="PASS">
          <reporter-output>
          </reporter-output>
        </test-method> <!-- reportSetUp -->
        <test-method is-config="true" signature="setUp(java.lang.reflect.Method)[pri:0, instance:testCases.HomePageTestCases@1d2adfbe]" started-at="2019-03-21T20:48:18Z" name="setUp" finished-at="2019-03-21T20:48:21Z" duration-ms="3032" status="PASS">
          <params>
            <param index="0">
              <value>
                <![CDATA[public void testCases.HomePageTestCases.verifyTheBrowserTitle()]]>
              </value>
            </param>
          </params>
          <reporter-output>
          </reporter-output>
        </test-method> <!-- setUp -->
        <test-method signature="verifyTheBrowserTitle()[pri:1, instance:testCases.HomePageTestCases@1d2adfbe]" started-at="2019-03-21T20:48:21Z" name="verifyTheBrowserTitle" finished-at="2019-03-21T20:48:21Z" duration-ms="12" status="PASS">
          <reporter-output>
          </reporter-output>
        </test-method> <!-- verifyTheBrowserTitle -->
        <test-method is-config="true" signature="tearDown()[pri:0, instance:testCases.HomePageTestCases@1d2adfbe]" started-at="2019-03-21T20:48:21Z" name="tearDown" finished-at="2019-03-21T20:48:21Z" duration-ms="85" status="PASS">
          <reporter-output>
          </reporter-output>
        </test-method> <!-- tearDown -->
        <test-method is-config="true" signature="setUp(java.lang.reflect.Method)[pri:0, instance:testCases.HomePageTestCases@1d2adfbe]" started-at="2019-03-21T20:48:21Z" name="setUp" finished-at="2019-03-21T20:48:23Z" duration-ms="2519" status="PASS">
          <params>
            <param index="0">
              <value>
                <![CDATA[public void testCases.HomePageTestCases.verifyHeaderLinks()]]>
              </value>
            </param>
          </params>
          <reporter-output>
          </reporter-output>
        </test-method> <!-- setUp -->
        <test-method signature="verifyHeaderLinks()[pri:2, instance:testCases.HomePageTestCases@1d2adfbe]" started-at="2019-03-21T20:48:23Z" name="verifyHeaderLinks" finished-at="2019-03-21T20:48:24Z" duration-ms="322" status="PASS">
          <reporter-output>
          </reporter-output>
        </test-method> <!-- verifyHeaderLinks -->
        <test-method is-config="true" signature="tearDown()[pri:0, instance:testCases.HomePageTestCases@1d2adfbe]" started-at="2019-03-21T20:48:24Z" name="tearDown" finished-at="2019-03-21T20:48:24Z" duration-ms="84" status="PASS">
          <reporter-output>
          </reporter-output>
        </test-method> <!-- tearDown -->
        <test-method is-config="true" signature="setUp(java.lang.reflect.Method)[pri:0, instance:testCases.HomePageTestCases@1d2adfbe]" started-at="2019-03-21T20:48:24Z" name="setUp" finished-at="2019-03-21T20:48:26Z" duration-ms="2415" status="PASS">
          <params>
            <param index="0">
              <value>
                <![CDATA[public void testCases.HomePageTestCases.verifyTheHeading_AvailableButtonsAlong()]]>
              </value>
            </param>
          </params>
          <reporter-output>
          </reporter-output>
        </test-method> <!-- setUp -->
        <test-method signature="verifyTheHeading_AvailableButtonsAlong()[pri:3, instance:testCases.HomePageTestCases@1d2adfbe]" started-at="2019-03-21T20:48:26Z" name="verifyTheHeading_AvailableButtonsAlong" finished-at="2019-03-21T20:48:26Z" duration-ms="110" status="PASS">
          <reporter-output>
          </reporter-output>
        </test-method> <!-- verifyTheHeading_AvailableButtonsAlong -->
        <test-method is-config="true" signature="tearDown()[pri:0, instance:testCases.HomePageTestCases@1d2adfbe]" started-at="2019-03-21T20:48:26Z" name="tearDown" finished-at="2019-03-21T20:48:26Z" duration-ms="84" status="PASS">
          <reporter-output>
          </reporter-output>
        </test-method> <!-- tearDown -->
        <test-method is-config="true" signature="setUp(java.lang.reflect.Method)[pri:0, instance:testCases.HomePageTestCases@1d2adfbe]" started-at="2019-03-21T20:48:26Z" name="setUp" finished-at="2019-03-21T20:48:29Z" duration-ms="2318" status="PASS">
          <params>
            <param index="0">
              <value>
                <![CDATA[public void testCases.HomePageTestCases.verifyTheTeaserPodsAndContents()]]>
              </value>
            </param>
          </params>
          <reporter-output>
          </reporter-output>
        </test-method> <!-- setUp -->
        <test-method signature="verifyTheTeaserPodsAndContents()[pri:4, instance:testCases.HomePageTestCases@1d2adfbe]" started-at="2019-03-21T20:48:29Z" name="verifyTheTeaserPodsAndContents" finished-at="2019-03-21T20:48:29Z" duration-ms="217" status="PASS">
          <reporter-output>
          </reporter-output>
        </test-method> <!-- verifyTheTeaserPodsAndContents -->
        <test-method is-config="true" signature="tearDown()[pri:0, instance:testCases.HomePageTestCases@1d2adfbe]" started-at="2019-03-21T20:48:29Z" name="tearDown" finished-at="2019-03-21T20:48:29Z" duration-ms="32" status="PASS">
          <reporter-output>
          </reporter-output>
        </test-method> <!-- tearDown -->
        <test-method is-config="true" signature="reportUpdate()[pri:0, instance:testCases.HomePageTestCases@1d2adfbe]" started-at="2019-03-21T20:48:59Z" name="reportUpdate" finished-at="2019-03-21T20:48:59Z" duration-ms="266" status="PASS">
          <reporter-output>
          </reporter-output>
        </test-method> <!-- reportUpdate -->
      </class> <!-- testCases.HomePageTestCases -->
    </test> <!-- Test -->
  </suite> <!-- Suite -->
</testng-results>
